AHFCmd : AH XSL Formatter V6.5 MR3 for Windows (x64) : 6.5.6.31956 (2018/02/02 12:52JST)
         Copyright (c) 1999-2018 Antenna House, Inc.

AHFCmd :WARNING: Error Level : 2
AHFCmd :WARNING: Error Code  : 10761 (2A09)
AHFCmd :WARNING: Invalid property value: display-align="top".
AHFCmd :WARNING: Line 1, Col 1176, D:\UIM项目\012 Data\LianYing\data\General\系统操作手册\Maps\temp\topic.fo

AHFCmd :WARNING: Error Level : 2
AHFCmd :WARNING: Error Code  : 10761 (2A09)
AHFCmd :WARNING: Invalid property value: display-align="top".
AHFCmd :WARNING: Line 1, Col 1582, D:\UIM项目\012 Data\LianYing\data\General\系统操作手册\Maps\temp\topic.fo

AHFCmd :WARNING: Error Level : 2
AHFCmd :WARNING: Error Code  : 10761 (2A09)
AHFCmd :WARNING: Invalid property value: display-align="top".
AHFCmd :WARNING: Line 1, Col 1985, D:\UIM项目\012 Data\LianYing\data\General\系统操作手册\Maps\temp\topic.fo

AHFCmd :WARNING: Error Level : 2
AHFCmd :WARNING: Error Code  : 10761 (2A09)
AHFCmd :WARNING: Invalid property value: display-align="top".
AHFCmd :WARNING: Line 1, Col 2366, D:\UIM项目\012 Data\LianYing\data\General\系统操作手册\Maps\temp\topic.fo

AHFCmd :WARNING: Error Level : 2
AHFCmd :WARNING: Error Code  : 10761 (2A09)
AHFCmd :WARNING: Invalid property value: display-align="end".
AHFCmd :WARNING: Line 1, Col 2449, D:\UIM项目\012 Data\LianYing\data\General\系统操作手册\Maps\temp\topic.fo

AHFCmd :WARNING: Error Level : 2
AHFCmd :WARNING: Error Code  : 10761 (2A09)
AHFCmd :WARNING: Invalid property value: display-align="start".
AHFCmd :WARNING: Line 1, Col 2530, D:\UIM项目\012 Data\LianYing\data\General\系统操作手册\Maps\temp\topic.fo

AHFCmd :WARNING: Error Level : 2
AHFCmd :WARNING: Error Code  : 10761 (2A09)
AHFCmd :WARNING: Invalid property value: display-align="top".
AHFCmd :WARNING: Line 1, Col 2908, D:\UIM项目\012 Data\LianYing\data\General\系统操作手册\Maps\temp\topic.fo

AHFCmd :WARNING: Error Level : 2
AHFCmd :WARNING: Error Code  : 10761 (2A09)
AHFCmd :WARNING: Invalid property value: display-align="start".
AHFCmd :WARNING: Line 1, Col 2992, D:\UIM项目\012 Data\LianYing\data\General\系统操作手册\Maps\temp\topic.fo

AHFCmd :WARNING: Error Level : 2
AHFCmd :WARNING: Error Code  : 10761 (2A09)
AHFCmd :WARNING: Invalid property value: display-align="end".
AHFCmd :WARNING: Line 1, Col 3070, D:\UIM项目\012 Data\LianYing\data\General\系统操作手册\Maps\temp\topic.fo

AHFCmd :WARNING: Error Level : 2
AHFCmd :WARNING: Error Code  : 10761 (2A09)
AHFCmd :WARNING: Invalid property value: display-align="top".
AHFCmd :WARNING: Line 1, Col 3451, D:\UIM项目\012 Data\LianYing\data\General\系统操作手册\Maps\temp\topic.fo

AHFCmd :WARNING: Error Level : 2
AHFCmd :WARNING: Error Code  : 10761 (2A09)
AHFCmd :WARNING: Invalid property value: display-align="end".
AHFCmd :WARNING: Line 1, Col 3534, D:\UIM项目\012 Data\LianYing\data\General\系统操作手册\Maps\temp\topic.fo

AHFCmd :WARNING: Error Level : 2
AHFCmd :WARNING: Error Code  : 10761 (2A09)
AHFCmd :WARNING: Invalid property value: display-align="start".
AHFCmd :WARNING: Line 1, Col 3615, D:\UIM项目\012 Data\LianYing\data\General\系统操作手册\Maps\temp\topic.fo

AHFCmd :WARNING: Error Level : 2
AHFCmd :WARNING: Error Code  : 10761 (2A09)
AHFCmd :WARNING: Invalid property value: display-align="top".
AHFCmd :WARNING: Line 1, Col 3995, D:\UIM项目\012 Data\LianYing\data\General\系统操作手册\Maps\temp\topic.fo

AHFCmd :WARNING: Error Level : 2
AHFCmd :WARNING: Error Code  : 10761 (2A09)
AHFCmd :WARNING: Invalid property value: display-align="start".
AHFCmd :WARNING: Line 1, Col 4079, D:\UIM项目\012 Data\LianYing\data\General\系统操作手册\Maps\temp\topic.fo

AHFCmd :WARNING: Error Level : 2
AHFCmd :WARNING: Error Code  : 10761 (2A09)
AHFCmd :WARNING: Invalid property value: display-align="end".
AHFCmd :WARNING: Line 1, Col 4157, D:\UIM项目\012 Data\LianYing\data\General\系统操作手册\Maps\temp\topic.fo

AHFCmd :WARNING: Error Level : 2
AHFCmd :WARNING: Error Code  : 10761 (2A09)
AHFCmd :WARNING: Invalid property value: display-align="top".
AHFCmd :WARNING: Line 1, Col 4544, D:\UIM项目\012 Data\LianYing\data\General\系统操作手册\Maps\temp\topic.fo

AHFCmd :WARNING: Error Level : 2
AHFCmd :WARNING: Error Code  : 10761 (2A09)
AHFCmd :WARNING: Invalid property value: display-align="top".
AHFCmd :WARNING: Line 1, Col 4928, D:\UIM项目\012 Data\LianYing\data\General\系统操作手册\Maps\temp\topic.fo

AHFCmd :WARNING: Error Level : 2
AHFCmd :WARNING: Error Code  : 10761 (2A09)
AHFCmd :WARNING: Invalid property value: display-align="end".
AHFCmd :WARNING: Line 1, Col 5011, D:\UIM项目\012 Data\LianYing\data\General\系统操作手册\Maps\temp\topic.fo

AHFCmd :WARNING: Error Level : 2
AHFCmd :WARNING: Error Code  : 10761 (2A09)
AHFCmd :WARNING: Invalid property value: display-align="start".
AHFCmd :WARNING: Line 1, Col 5092, D:\UIM项目\012 Data\LianYing\data\General\系统操作手册\Maps\temp\topic.fo

AHFCmd :WARNING: Error Level : 2
AHFCmd :WARNING: Error Code  : 10761 (2A09)
AHFCmd :WARNING: Invalid property value: display-align="top".
AHFCmd :WARNING: Line 1, Col 5473, D:\UIM项目\012 Data\LianYing\data\General\系统操作手册\Maps\temp\topic.fo

AHFCmd :WARNING: Error Level : 2
AHFCmd :WARNING: Error Code  : 10761 (2A09)
AHFCmd :WARNING: Invalid property value: display-align="start".
AHFCmd :WARNING: Line 1, Col 5557, D:\UIM项目\012 Data\LianYing\data\General\系统操作手册\Maps\temp\topic.fo

AHFCmd :WARNING: Error Level : 2
AHFCmd :WARNING: Error Code  : 10761 (2A09)
AHFCmd :WARNING: Invalid property value: display-align="end".
AHFCmd :WARNING: Line 1, Col 5635, D:\UIM项目\012 Data\LianYing\data\General\系统操作手册\Maps\temp\topic.fo

AHFCmd :WARNING: Error Level : 2
AHFCmd :WARNING: Error Code  : 10761 (2A09)
AHFCmd :WARNING: Invalid property value: display-align="top".
AHFCmd :WARNING: Line 1, Col 6029, D:\UIM项目\012 Data\LianYing\data\General\系统操作手册\Maps\temp\topic.fo

AHFCmd :WARNING: Error Level : 2
AHFCmd :WARNING: Error Code  : 10761 (2A09)
AHFCmd :WARNING: Invalid property value: display-align="end".
AHFCmd :WARNING: Line 1, Col 6112, D:\UIM项目\012 Data\LianYing\data\General\系统操作手册\Maps\temp\topic.fo

AHFCmd :WARNING: Error Level : 2
AHFCmd :WARNING: Error Code  : 10761 (2A09)
AHFCmd :WARNING: Invalid property value: display-align="start".
AHFCmd :WARNING: Line 1, Col 6193, D:\UIM项目\012 Data\LianYing\data\General\系统操作手册\Maps\temp\topic.fo

AHFCmd :WARNING: Error Level : 2
AHFCmd :WARNING: Error Code  : 10761 (2A09)
AHFCmd :WARNING: Invalid property value: display-align="top".
AHFCmd :WARNING: Line 1, Col 6577, D:\UIM项目\012 Data\LianYing\data\General\系统操作手册\Maps\temp\topic.fo

AHFCmd :WARNING: Error Level : 2
AHFCmd :WARNING: Error Code  : 10761 (2A09)
AHFCmd :WARNING: Invalid property value: display-align="top".
AHFCmd :WARNING: Line 1, Col 6978, D:\UIM项目\012 Data\LianYing\data\General\系统操作手册\Maps\temp\topic.fo

AHFCmd :WARNING: Error Level : 2
AHFCmd :WARNING: Error Code  : 10761 (2A09)
AHFCmd :WARNING: Invalid property value: display-align="end".
AHFCmd :WARNING: Line 1, Col 7061, D:\UIM项目\012 Data\LianYing\data\General\系统操作手册\Maps\temp\topic.fo

AHFCmd :WARNING: Error Level : 2
AHFCmd :WARNING: Error Code  : 10761 (2A09)
AHFCmd :WARNING: Invalid property value: display-align="start".
AHFCmd :WARNING: Line 1, Col 7142, D:\UIM项目\012 Data\LianYing\data\General\系统操作手册\Maps\temp\topic.fo

AHFCmd :WARNING: Error Level : 2
AHFCmd :WARNING: Error Code  : 10761 (2A09)
AHFCmd :WARNING: Invalid property value: display-align="top".
AHFCmd :WARNING: Line 1, Col 7562, D:\UIM项目\012 Data\LianYing\data\General\系统操作手册\Maps\temp\topic.fo

AHFCmd :WARNING: Error Level : 2
AHFCmd :WARNING: Error Code  : 10761 (2A09)
AHFCmd :WARNING: Invalid property value: display-align="top".
AHFCmd :WARNING: Line 1, Col 7983, D:\UIM项目\012 Data\LianYing\data\General\系统操作手册\Maps\temp\topic.fo

AHFCmd :WARNING: Error Level : 2
AHFCmd :WARNING: Error Code  : 10761 (2A09)
AHFCmd :WARNING: Invalid property value: display-align="end".
AHFCmd :WARNING: Line 1, Col 8066, D:\UIM项目\012 Data\LianYing\data\General\系统操作手册\Maps\temp\topic.fo

AHFCmd :WARNING: Error Level : 2
AHFCmd :WARNING: Error Code  : 10761 (2A09)
AHFCmd :WARNING: Invalid property value: display-align="start".
AHFCmd :WARNING: Line 1, Col 8147, D:\UIM项目\012 Data\LianYing\data\General\系统操作手册\Maps\temp\topic.fo

AHFCmd :WARNING: Error Level : 2
AHFCmd :WARNING: Error Code  : 10761 (2A09)
AHFCmd :WARNING: Invalid property value: display-align="top".
AHFCmd :WARNING: Line 1, Col 8565, D:\UIM项目\012 Data\LianYing\data\General\系统操作手册\Maps\temp\topic.fo

AHFCmd :WARNING: Error Level : 2
AHFCmd :WARNING: Error Code  : 10761 (2A09)
AHFCmd :WARNING: Invalid property value: display-align="start".
AHFCmd :WARNING: Line 1, Col 8649, D:\UIM项目\012 Data\LianYing\data\General\系统操作手册\Maps\temp\topic.fo

AHFCmd :WARNING: Error Level : 2
AHFCmd :WARNING: Error Code  : 10761 (2A09)
AHFCmd :WARNING: Invalid property value: display-align="end".
AHFCmd :WARNING: Line 1, Col 8727, D:\UIM项目\012 Data\LianYing\data\General\系统操作手册\Maps\temp\topic.fo

AHFCmd :WARNING: Error Level : 2
AHFCmd :WARNING: Error Code  : 10761 (2A09)
AHFCmd :WARNING: Invalid property value: display-align="top".
AHFCmd :WARNING: Line 1, Col 9122, D:\UIM项目\012 Data\LianYing\data\General\系统操作手册\Maps\temp\topic.fo

AHFCmd :WARNING: Error Level : 2
AHFCmd :WARNING: Error Code  : 10761 (2A09)
AHFCmd :WARNING: Invalid property value: display-align="top".
AHFCmd :WARNING: Line 1, Col 9518, D:\UIM项目\012 Data\LianYing\data\General\系统操作手册\Maps\temp\topic.fo

AHFCmd :WARNING: Error Level : 2
AHFCmd :WARNING: Error Code  : 10761 (2A09)
AHFCmd :WARNING: Invalid property value: display-align="top".
AHFCmd :WARNING: Line 1, Col 9911, D:\UIM项目\012 Data\LianYing\data\General\系统操作手册\Maps\temp\topic.fo

AHFCmd :WARNING: Error Level : 2
AHFCmd :WARNING: Error Code  : 10761 (2A09)
AHFCmd :WARNING: Invalid property value: display-align="top".
AHFCmd :WARNING: Line 1, Col 43194, D:\UIM项目\012 Data\LianYing\data\General\系统操作手册\Maps\temp\topic.fo

AHFCmd :WARNING: Error Level : 2
AHFCmd :WARNING: Error Code  : 10761 (2A09)
AHFCmd :WARNING: Invalid property value: display-align="top".
AHFCmd :WARNING: Line 1, Col 43670, D:\UIM项目\012 Data\LianYing\data\General\系统操作手册\Maps\temp\topic.fo

AHFCmd :WARNING: Error Level : 2
AHFCmd :WARNING: Error Code  : 10754 (2A02)
AHFCmd :WARNING: Unknown property: 'provisional-distance-between-start'.
AHFCmd :WARNING: Line 72, Col 4222, D:\UIM项目\012 Data\LianYing\data\General\系统操作手册\Maps\temp\topic.fo

AHFCmd :WARNING: Error Level : 2
AHFCmd :WARNING: Error Code  : 10754 (2A02)
AHFCmd :WARNING: Unknown property: 'provisional-distance-between-start'.
AHFCmd :WARNING: Line 72, Col 5082, D:\UIM项目\012 Data\LianYing\data\General\系统操作手册\Maps\temp\topic.fo

AHFCmd :WARNING: Error Level : 2
AHFCmd :WARNING: Error Code  : 10754 (2A02)
AHFCmd :WARNING: Unknown property: 'provisional-distance-between-start'.
AHFCmd :WARNING: Line 72, Col 6019, D:\UIM项目\012 Data\LianYing\data\General\系统操作手册\Maps\temp\topic.fo

AHFCmd :WARNING: Error Level : 2
AHFCmd :WARNING: Error Code  : 10754 (2A02)
AHFCmd :WARNING: Unknown property: 'provisional-distance-between-start'.
AHFCmd :WARNING: Line 72, Col 6956, D:\UIM项目\012 Data\LianYing\data\General\系统操作手册\Maps\temp\topic.fo

AHFCmd :WARNING: Error Level : 2
AHFCmd :WARNING: Error Code  : 10754 (2A02)
AHFCmd :WARNING: Unknown property: 'provisional-distance-between-start'.
AHFCmd :WARNING: Line 72, Col 7893, D:\UIM项目\012 Data\LianYing\data\General\系统操作手册\Maps\temp\topic.fo

AHFCmd :WARNING: Error Level : 2
AHFCmd :WARNING: Error Code  : 10754 (2A02)
AHFCmd :WARNING: Unknown property: 'provisional-distance-between-start'.
AHFCmd :WARNING: Line 72, Col 8822, D:\UIM项目\012 Data\LianYing\data\General\系统操作手册\Maps\temp\topic.fo

AHFCmd :WARNING: Error Level : 2
AHFCmd :WARNING: Error Code  : 10754 (2A02)
AHFCmd :WARNING: Unknown property: 'provisional-distance-between-start'.
AHFCmd :WARNING: Line 72, Col 9682, D:\UIM项目\012 Data\LianYing\data\General\系统操作手册\Maps\temp\topic.fo

AHFCmd :WARNING: Error Level : 2
AHFCmd :WARNING: Error Code  : 10754 (2A02)
AHFCmd :WARNING: Unknown property: 'provisional-distance-between-start'.
AHFCmd :WARNING: Line 72, Col 10622, D:\UIM项目\012 Data\LianYing\data\General\系统操作手册\Maps\temp\topic.fo

AHFCmd :WARNING: Error Level : 2
AHFCmd :WARNING: Error Code  : 10754 (2A02)
AHFCmd :WARNING: Unknown property: 'provisional-distance-between-start'.
AHFCmd :WARNING: Line 72, Col 11559, D:\UIM项目\012 Data\LianYing\data\General\系统操作手册\Maps\temp\topic.fo

AHFCmd :WARNING: Error Level : 2
AHFCmd :WARNING: Error Code  : 10754 (2A02)
AHFCmd :WARNING: Unknown property: 'provisional-distance-between-start'.
AHFCmd :WARNING: Line 72, Col 12496, D:\UIM项目\012 Data\LianYing\data\General\系统操作手册\Maps\temp\topic.fo

AHFCmd :WARNING: Error Level : 2
AHFCmd :WARNING: Error Code  : 10754 (2A02)
AHFCmd :WARNING: Unknown property: 'provisional-distance-between-start'.
AHFCmd :WARNING: Line 72, Col 13433, D:\UIM项目\012 Data\LianYing\data\General\系统操作手册\Maps\temp\topic.fo

AHFCmd :WARNING: Error Level : 2
AHFCmd :WARNING: Error Code  : 10754 (2A02)
AHFCmd :WARNING: Unknown property: 'provisional-distance-between-start'.
AHFCmd :WARNING: Line 72, Col 14370, D:\UIM项目\012 Data\LianYing\data\General\系统操作手册\Maps\temp\topic.fo

AHFCmd :WARNING: Error Level : 2
AHFCmd :WARNING: Error Code  : 10754 (2A02)
AHFCmd :WARNING: Unknown property: 'provisional-distance-between-start'.
AHFCmd :WARNING: Line 72, Col 15307, D:\UIM项目\012 Data\LianYing\data\General\系统操作手册\Maps\temp\topic.fo

AHFCmd :WARNING: Error Level : 2
AHFCmd :WARNING: Error Code  : 10754 (2A02)
AHFCmd :WARNING: Unknown property: 'provisional-distance-between-start'.
AHFCmd :WARNING: Line 72, Col 16238, D:\UIM项目\012 Data\LianYing\data\General\系统操作手册\Maps\temp\topic.fo

AHFCmd :WARNING: Error Level : 2
AHFCmd :WARNING: Error Code  : 10754 (2A02)
AHFCmd :WARNING: Unknown property: 'provisional-distance-between-start'.
AHFCmd :WARNING: Line 72, Col 17100, D:\UIM项目\012 Data\LianYing\data\General\系统操作手册\Maps\temp\topic.fo

AHFCmd :WARNING: Error Level : 2
AHFCmd :WARNING: Error Code  : 10754 (2A02)
AHFCmd :WARNING: Unknown property: 'provisional-distance-between-start'.
AHFCmd :WARNING: Line 72, Col 18035, D:\UIM项目\012 Data\LianYing\data\General\系统操作手册\Maps\temp\topic.fo

AHFCmd :WARNING: Error Level : 2
AHFCmd :WARNING: Error Code  : 10754 (2A02)
AHFCmd :WARNING: Unknown property: 'provisional-distance-between-start'.
AHFCmd :WARNING: Line 72, Col 19912, D:\UIM项目\012 Data\LianYing\data\General\系统操作手册\Maps\temp\topic.fo

AHFCmd :WARNING: Error Level : 2
AHFCmd :WARNING: Error Code  : 10754 (2A02)
AHFCmd :WARNING: Unknown property: 'provisional-distance-between-start'.
AHFCmd :WARNING: Line 72, Col 20854, D:\UIM项目\012 Data\LianYing\data\General\系统操作手册\Maps\temp\topic.fo

AHFCmd :WARNING: Error Level : 2
AHFCmd :WARNING: Error Code  : 10754 (2A02)
AHFCmd :WARNING: Unknown property: 'provisional-distance-between-start'.
AHFCmd :WARNING: Line 72, Col 21790, D:\UIM项目\012 Data\LianYing\data\General\系统操作手册\Maps\temp\topic.fo

AHFCmd :WARNING: Error Level : 2
AHFCmd :WARNING: Error Code  : 10754 (2A02)
AHFCmd :WARNING: Unknown property: 'provisional-distance-between-start'.
AHFCmd :WARNING: Line 72, Col 22726, D:\UIM项目\012 Data\LianYing\data\General\系统操作手册\Maps\temp\topic.fo

AHFCmd :WARNING: Error Level : 2
AHFCmd :WARNING: Error Code  : 10754 (2A02)
AHFCmd :WARNING: Unknown property: 'provisional-distance-between-start'.
AHFCmd :WARNING: Line 72, Col 23665, D:\UIM项目\012 Data\LianYing\data\General\系统操作手册\Maps\temp\topic.fo

AHFCmd :WARNING: Error Level : 2
AHFCmd :WARNING: Error Code  : 10754 (2A02)
AHFCmd :WARNING: Unknown property: 'provisional-distance-between-start'.
AHFCmd :WARNING: Line 72, Col 24608, D:\UIM项目\012 Data\LianYing\data\General\系统操作手册\Maps\temp\topic.fo

AHFCmd :WARNING: Error Level : 2
AHFCmd :WARNING: Error Code  : 10754 (2A02)
AHFCmd :WARNING: Unknown property: 'provisional-distance-between-start'.
AHFCmd :WARNING: Line 72, Col 25546, D:\UIM项目\012 Data\LianYing\data\General\系统操作手册\Maps\temp\topic.fo

AHFCmd :WARNING: Error Level : 2
AHFCmd :WARNING: Error Code  : 10754 (2A02)
AHFCmd :WARNING: Unknown property: 'provisional-distance-between-start'.
AHFCmd :WARNING: Line 72, Col 26479, D:\UIM项目\012 Data\LianYing\data\General\系统操作手册\Maps\temp\topic.fo

AHFCmd :WARNING: Error Level : 2
AHFCmd :WARNING: Error Code  : 10754 (2A02)
AHFCmd :WARNING: Unknown property: 'provisional-distance-between-start'.
AHFCmd :WARNING: Line 72, Col 27341, D:\UIM项目\012 Data\LianYing\data\General\系统操作手册\Maps\temp\topic.fo

AHFCmd :WARNING: Error Level : 2
AHFCmd :WARNING: Error Code  : 10754 (2A02)
AHFCmd :WARNING: Unknown property: 'provisional-distance-between-start'.
AHFCmd :WARNING: Line 72, Col 28279, D:\UIM项目\012 Data\LianYing\data\General\系统操作手册\Maps\temp\topic.fo

AHFCmd :WARNING: Error Level : 2
AHFCmd :WARNING: Error Code  : 10754 (2A02)
AHFCmd :WARNING: Unknown property: 'provisional-distance-between-start'.
AHFCmd :WARNING: Line 72, Col 29217, D:\UIM项目\012 Data\LianYing\data\General\系统操作手册\Maps\temp\topic.fo

AHFCmd :WARNING: Error Level : 2
AHFCmd :WARNING: Error Code  : 10754 (2A02)
AHFCmd :WARNING: Unknown property: 'provisional-distance-between-start'.
AHFCmd :WARNING: Line 72, Col 30154, D:\UIM项目\012 Data\LianYing\data\General\系统操作手册\Maps\temp\topic.fo

AHFCmd :WARNING: Error Level : 2
AHFCmd :WARNING: Error Code  : 10754 (2A02)
AHFCmd :WARNING: Unknown property: 'provisional-distance-between-start'.
AHFCmd :WARNING: Line 72, Col 31091, D:\UIM项目\012 Data\LianYing\data\General\系统操作手册\Maps\temp\topic.fo

AHFCmd :WARNING: Error Level : 2
AHFCmd :WARNING: Error Code  : 10754 (2A02)
AHFCmd :WARNING: Unknown property: 'provisional-distance-between-start'.
AHFCmd :WARNING: Line 72, Col 32028, D:\UIM项目\012 Data\LianYing\data\General\系统操作手册\Maps\temp\topic.fo

AHFCmd :WARNING: Error Level : 2
AHFCmd :WARNING: Error Code  : 10754 (2A02)
AHFCmd :WARNING: Unknown property: 'provisional-distance-between-start'.
AHFCmd :WARNING: Line 72, Col 32965, D:\UIM项目\012 Data\LianYing\data\General\系统操作手册\Maps\temp\topic.fo

AHFCmd :WARNING: Error Level : 2
AHFCmd :WARNING: Error Code  : 10754 (2A02)
AHFCmd :WARNING: Unknown property: 'provisional-distance-between-start'.
AHFCmd :WARNING: Line 72, Col 33902, D:\UIM项目\012 Data\LianYing\data\General\系统操作手册\Maps\temp\topic.fo

AHFCmd :WARNING: Error Level : 2
AHFCmd :WARNING: Error Code  : 10754 (2A02)
AHFCmd :WARNING: Unknown property: 'provisional-distance-between-start'.
AHFCmd :WARNING: Line 72, Col 34839, D:\UIM项目\012 Data\LianYing\data\General\系统操作手册\Maps\temp\topic.fo

AHFCmd :WARNING: Error Level : 2
AHFCmd :WARNING: Error Code  : 10754 (2A02)
AHFCmd :WARNING: Unknown property: 'provisional-distance-between-start'.
AHFCmd :WARNING: Line 72, Col 35769, D:\UIM项目\012 Data\LianYing\data\General\系统操作手册\Maps\temp\topic.fo

AHFCmd :WARNING: Error Level : 2
AHFCmd :WARNING: Error Code  : 10754 (2A02)
AHFCmd :WARNING: Unknown property: 'provisional-distance-between-start'.
AHFCmd :WARNING: Line 72, Col 36633, D:\UIM项目\012 Data\LianYing\data\General\系统操作手册\Maps\temp\topic.fo

AHFCmd :WARNING: Error Level : 2
AHFCmd :WARNING: Error Code  : 10754 (2A02)
AHFCmd :WARNING: Unknown property: 'provisional-distance-between-start'.
AHFCmd :WARNING: Line 72, Col 37568, D:\UIM项目\012 Data\LianYing\data\General\系统操作手册\Maps\temp\topic.fo

AHFCmd :WARNING: Error Level : 2
AHFCmd :WARNING: Error Code  : 10754 (2A02)
AHFCmd :WARNING: Unknown property: 'provisional-distance-between-start'.
AHFCmd :WARNING: Line 72, Col 38507, D:\UIM项目\012 Data\LianYing\data\General\系统操作手册\Maps\temp\topic.fo

AHFCmd :WARNING: Error Level : 2
AHFCmd :WARNING: Error Code  : 10754 (2A02)
AHFCmd :WARNING: Unknown property: 'provisional-distance-between-start'.
AHFCmd :WARNING: Line 72, Col 39445, D:\UIM项目\012 Data\LianYing\data\General\系统操作手册\Maps\temp\topic.fo

AHFCmd :WARNING: Error Level : 2
AHFCmd :WARNING: Error Code  : 10754 (2A02)
AHFCmd :WARNING: Unknown property: 'provisional-distance-between-start'.
AHFCmd :WARNING: Line 72, Col 40377, D:\UIM项目\012 Data\LianYing\data\General\系统操作手册\Maps\temp\topic.fo

AHFCmd :WARNING: Error Level : 2
AHFCmd :WARNING: Error Code  : 10754 (2A02)
AHFCmd :WARNING: Unknown property: 'provisional-distance-between-start'.
AHFCmd :WARNING: Line 72, Col 41241, D:\UIM项目\012 Data\LianYing\data\General\系统操作手册\Maps\temp\topic.fo

AHFCmd :WARNING: Error Level : 2
AHFCmd :WARNING: Error Code  : 10754 (2A02)
AHFCmd :WARNING: Unknown property: 'provisional-distance-between-start'.
AHFCmd :WARNING: Line 72, Col 42176, D:\UIM项目\012 Data\LianYing\data\General\系统操作手册\Maps\temp\topic.fo

AHFCmd :WARNING: Error Level : 2
AHFCmd :WARNING: Error Code  : 10754 (2A02)
AHFCmd :WARNING: Unknown property: 'provisional-distance-between-start'.
AHFCmd :WARNING: Line 72, Col 43120, D:\UIM项目\012 Data\LianYing\data\General\系统操作手册\Maps\temp\topic.fo

AHFCmd :WARNING: Error Level : 2
AHFCmd :WARNING: Error Code  : 10754 (2A02)
AHFCmd :WARNING: Unknown property: 'provisional-distance-between-start'.
AHFCmd :WARNING: Line 72, Col 44062, D:\UIM项目\012 Data\LianYing\data\General\系统操作手册\Maps\temp\topic.fo

AHFCmd :WARNING: Error Level : 2
AHFCmd :WARNING: Error Code  : 10754 (2A02)
AHFCmd :WARNING: Unknown property: 'provisional-distance-between-start'.
AHFCmd :WARNING: Line 72, Col 44996, D:\UIM项目\012 Data\LianYing\data\General\系统操作手册\Maps\temp\topic.fo

AHFCmd :WARNING: Error Level : 2
AHFCmd :WARNING: Error Code  : 10754 (2A02)
AHFCmd :WARNING: Unknown property: 'provisional-distance-between-start'.
AHFCmd :WARNING: Line 72, Col 45862, D:\UIM项目\012 Data\LianYing\data\General\系统操作手册\Maps\temp\topic.fo

AHFCmd :WARNING: Error Level : 2
AHFCmd :WARNING: Error Code  : 10754 (2A02)
AHFCmd :WARNING: Unknown property: 'provisional-distance-between-start'.
AHFCmd :WARNING: Line 72, Col 46797, D:\UIM项目\012 Data\LianYing\data\General\系统操作手册\Maps\temp\topic.fo

AHFCmd :WARNING: Error Level : 2
AHFCmd :WARNING: Error Code  : 10754 (2A02)
AHFCmd :WARNING: Unknown property: 'provisional-distance-between-start'.
AHFCmd :WARNING: Line 72, Col 47734, D:\UIM项目\012 Data\LianYing\data\General\系统操作手册\Maps\temp\topic.fo

AHFCmd :WARNING: Error Level : 2
AHFCmd :WARNING: Error Code  : 10754 (2A02)
AHFCmd :WARNING: Unknown property: 'provisional-distance-between-start'.
AHFCmd :WARNING: Line 72, Col 48671, D:\UIM项目\012 Data\LianYing\data\General\系统操作手册\Maps\temp\topic.fo

AHFCmd :WARNING: Error Level : 2
AHFCmd :WARNING: Error Code  : 10754 (2A02)
AHFCmd :WARNING: Unknown property: 'provisional-distance-between-start'.
AHFCmd :WARNING: Line 72, Col 49608, D:\UIM项目\012 Data\LianYing\data\General\系统操作手册\Maps\temp\topic.fo

AHFCmd :WARNING: Error Level : 2
AHFCmd :WARNING: Error Code  : 10754 (2A02)
AHFCmd :WARNING: Unknown property: 'provisional-distance-between-start'.
AHFCmd :WARNING: Line 72, Col 50545, D:\UIM项目\012 Data\LianYing\data\General\系统操作手册\Maps\temp\topic.fo

AHFCmd :WARNING: Error Level : 2
AHFCmd :WARNING: Error Code  : 10754 (2A02)
AHFCmd :WARNING: Unknown property: 'provisional-distance-between-start'.
AHFCmd :WARNING: Line 72, Col 51483, D:\UIM项目\012 Data\LianYing\data\General\系统操作手册\Maps\temp\topic.fo

AHFCmd :WARNING: Error Level : 2
AHFCmd :WARNING: Error Code  : 10754 (2A02)
AHFCmd :WARNING: Unknown property: 'provisional-distance-between-start'.
AHFCmd :WARNING: Line 72, Col 52413, D:\UIM项目\012 Data\LianYing\data\General\系统操作手册\Maps\temp\topic.fo

AHFCmd :WARNING: Error Level : 2
AHFCmd :WARNING: Error Code  : 10754 (2A02)
AHFCmd :WARNING: Unknown property: 'provisional-distance-between-start'.
AHFCmd :WARNING: Line 72, Col 53275, D:\UIM项目\012 Data\LianYing\data\General\系统操作手册\Maps\temp\topic.fo

AHFCmd :WARNING: Error Level : 2
AHFCmd :WARNING: Error Code  : 10754 (2A02)
AHFCmd :WARNING: Unknown property: 'provisional-distance-between-start'.
AHFCmd :WARNING: Line 72, Col 54218, D:\UIM项目\012 Data\LianYing\data\General\系统操作手册\Maps\temp\topic.fo

AHFCmd :WARNING: Error Level : 2
AHFCmd :WARNING: Error Code  : 10754 (2A02)
AHFCmd :WARNING: Unknown property: 'provisional-distance-between-start'.
AHFCmd :WARNING: Line 72, Col 55160, D:\UIM项目\012 Data\LianYing\data\General\系统操作手册\Maps\temp\topic.fo

AHFCmd :WARNING: Error Level : 2
AHFCmd :WARNING: Error Code  : 10754 (2A02)
AHFCmd :WARNING: Unknown property: 'provisional-distance-between-start'.
AHFCmd :WARNING: Line 72, Col 56100, D:\UIM项目\012 Data\LianYing\data\General\系统操作手册\Maps\temp\topic.fo

AHFCmd :WARNING: Error Level : 2
AHFCmd :WARNING: Error Code  : 10754 (2A02)
AHFCmd :WARNING: Unknown property: 'provisional-distance-between-start'.
AHFCmd :WARNING: Line 72, Col 57040, D:\UIM项目\012 Data\LianYing\data\General\系统操作手册\Maps\temp\topic.fo

AHFCmd :WARNING: Error Level : 2
AHFCmd :WARNING: Error Code  : 10754 (2A02)
AHFCmd :WARNING: Unknown property: 'provisional-distance-between-start'.
AHFCmd :WARNING: Line 72, Col 57980, D:\UIM项目\012 Data\LianYing\data\General\系统操作手册\Maps\temp\topic.fo

AHFCmd :WARNING: Error Level : 2
AHFCmd :WARNING: Error Code  : 10754 (2A02)
AHFCmd :WARNING: Unknown property: 'provisional-distance-between-start'.
AHFCmd :WARNING: Line 72, Col 18974, D:\UIM项目\012 Data\LianYing\data\General\系统操作手册\Maps\temp\topic.fo

AHFCmd :WARNING: Error Level : 2
AHFCmd :WARNING: Error Code  : 10761 (2A09)
AHFCmd :WARNING: Invalid property value: leader-pattern="none".
AHFCmd :WARNING: Line 72, Col 4544, D:\UIM项目\012 Data\LianYing\data\General\系统操作手册\Maps\temp\topic.fo

AHFCmd :WARNING: Error Level : 2
AHFCmd :WARNING: Error Code  : 10761 (2A09)
AHFCmd :WARNING: Invalid property value: leader-pattern="none".
AHFCmd :WARNING: Line 72, Col 9144, D:\UIM项目\012 Data\LianYing\data\General\系统操作手册\Maps\temp\topic.fo

AHFCmd :WARNING: Error Level : 2
AHFCmd :WARNING: Error Code  : 10761 (2A09)
AHFCmd :WARNING: Invalid property value: leader-pattern="none".
AHFCmd :WARNING: Line 72, Col 16562, D:\UIM项目\012 Data\LianYing\data\General\系统操作手册\Maps\temp\topic.fo

AHFCmd :WARNING: Error Level : 2
AHFCmd :WARNING: Error Code  : 10761 (2A09)
AHFCmd :WARNING: Invalid property value: leader-pattern="none".
AHFCmd :WARNING: Line 72, Col 26803, D:\UIM项目\012 Data\LianYing\data\General\系统操作手册\Maps\temp\topic.fo

AHFCmd :WARNING: Error Level : 2
AHFCmd :WARNING: Error Code  : 10761 (2A09)
AHFCmd :WARNING: Invalid property value: leader-pattern="none".
AHFCmd :WARNING: Line 72, Col 36095, D:\UIM项目\012 Data\LianYing\data\General\系统操作手册\Maps\temp\topic.fo

AHFCmd :WARNING: Error Level : 2
AHFCmd :WARNING: Error Code  : 10761 (2A09)
AHFCmd :WARNING: Invalid property value: leader-pattern="none".
AHFCmd :WARNING: Line 72, Col 40703, D:\UIM项目\012 Data\LianYing\data\General\系统操作手册\Maps\temp\topic.fo

AHFCmd :WARNING: Error Level : 2
AHFCmd :WARNING: Error Code  : 10761 (2A09)
AHFCmd :WARNING: Invalid property value: leader-pattern="none".
AHFCmd :WARNING: Line 72, Col 45324, D:\UIM项目\012 Data\LianYing\data\General\系统操作手册\Maps\temp\topic.fo

AHFCmd :WARNING: Error Level : 2
AHFCmd :WARNING: Error Code  : 10761 (2A09)
AHFCmd :WARNING: Invalid property value: leader-pattern="none".
AHFCmd :WARNING: Line 72, Col 52737, D:\UIM项目\012 Data\LianYing\data\General\系统操作手册\Maps\temp\topic.fo

AHFCmd :WARNING: Error Level : 2
AHFCmd :WARNING: Error Code  : 10761 (2A09)
AHFCmd :WARNING: Invalid property value: id="@id".
AHFCmd :WARNING: Line 72, Col 170413, D:\UIM项目\012 Data\LianYing\data\General\系统操作手册\Maps\temp\topic.fo

AHFCmd :INFO: Error Level : 1
AHFCmd :INFO: Error Code  : 23426 (5B82)
AHFCmd :INFO: Missing glyph U+F077 (?) in '微软雅黑'.
AHFCmd :INFO: Line 141, Col 3292, D:\UIM项目\012 Data\LianYing\data\General\系统操作手册\Maps\temp\topic.fo

AHFCmd :WARNING: Error Level : 2
AHFCmd :WARNING: Error Code  : 10761 (2A09)
AHFCmd :WARNING: Invalid property value: id="@id".
AHFCmd :WARNING: Line 159, Col 4646, D:\UIM项目\012 Data\LianYing\data\General\系统操作手册\Maps\temp\topic.fo

AHFCmd :WARNING: Error Level : 2
AHFCmd :WARNING: Error Code  : 10761 (2A09)
AHFCmd :WARNING: Invalid property value: id="@id".
AHFCmd :WARNING: Line 274, Col 4646, D:\UIM项目\012 Data\LianYing\data\General\系统操作手册\Maps\temp\topic.fo

AHFCmd :WARNING: Error Level : 2
AHFCmd :WARNING: Error Code  : 10761 (2A09)
AHFCmd :WARNING: Invalid property value: id="@id".
AHFCmd :WARNING: Line 284, Col 4615, D:\UIM项目\012 Data\LianYing\data\General\系统操作手册\Maps\temp\topic.fo

AHFCmd :WARNING: Error Level : 2
AHFCmd :WARNING: Error Code  : 10761 (2A09)
AHFCmd :WARNING: Invalid property value: id="@id".
AHFCmd :WARNING: Line 541, Col 41346, D:\UIM项目\012 Data\LianYing\data\General\系统操作手册\Maps\temp\topic.fo

AHFCmd :WARNING: Error Level : 2
AHFCmd :WARNING: Error Code  : 10761 (2A09)
AHFCmd :WARNING: Invalid property value: id="@id".
AHFCmd :WARNING: Line 1046, Col 4646, D:\UIM项目\012 Data\LianYing\data\General\系统操作手册\Maps\temp\topic.fo

AHFCmd :WARNING: Error Level : 2
AHFCmd :WARNING: Error Code  : 10761 (2A09)
AHFCmd :WARNING: Invalid property value: id="@id".
AHFCmd :WARNING: Line 1056, Col 4646, D:\UIM项目\012 Data\LianYing\data\General\系统操作手册\Maps\temp\topic.fo

AHFCmd :WARNING: Error Level : 2
AHFCmd :WARNING: Error Code  : 10761 (2A09)
AHFCmd :WARNING: Invalid property value: font-weight="normall".
AHFCmd :WARNING: Line 1126, Col 266, D:\UIM项目\012 Data\LianYing\data\General\系统操作手册\Maps\temp\topic.fo

AHFCmd :WARNING: Error Level : 2
AHFCmd :WARNING: Error Code  : 10761 (2A09)
AHFCmd :WARNING: Invalid property value: font-weight="normall".
AHFCmd :WARNING: Line 1134, Col 266, D:\UIM项目\012 Data\LianYing\data\General\系统操作手册\Maps\temp\topic.fo

AHFCmd :WARNING: Error Level : 2
AHFCmd :WARNING: Error Code  : 10761 (2A09)
AHFCmd :WARNING: Invalid property value: font-weight="normall".
AHFCmd :WARNING: Line 1186, Col 391, D:\UIM项目\012 Data\LianYing\data\General\系统操作手册\Maps\temp\topic.fo

AHFCmd :WARNING: Error Level : 2
AHFCmd :WARNING: Error Code  : 10761 (2A09)
AHFCmd :WARNING: Invalid property value: font-weight="normall".
AHFCmd :WARNING: Line 1191, Col 391, D:\UIM项目\012 Data\LianYing\data\General\系统操作手册\Maps\temp\topic.fo

AHFCmd :WARNING: Error Level : 2
AHFCmd :WARNING: Error Code  : 10761 (2A09)
AHFCmd :WARNING: Invalid property value: font-weight="normall".
AHFCmd :WARNING: Line 1196, Col 266, D:\UIM项目\012 Data\LianYing\data\General\系统操作手册\Maps\temp\topic.fo

AHFCmd :WARNING: Error Level : 2
AHFCmd :WARNING: Error Code  : 10761 (2A09)
AHFCmd :WARNING: Invalid property value: id="@id".
AHFCmd :WARNING: Line 1315, Col 4646, D:\UIM项目\012 Data\LianYing\data\General\系统操作手册\Maps\temp\topic.fo

AHFCmd :WARNING: Error Level : 2
AHFCmd :WARNING: Error Code  : 10761 (2A09)
AHFCmd :WARNING: Invalid property value: id="@id".
AHFCmd :WARNING: Line 1416, Col 4646, D:\UIM项目\012 Data\LianYing\data\General\系统操作手册\Maps\temp\topic.fo

AHFCmd :WARNING: Error Level : 2
AHFCmd :WARNING: Error Code  : 10761 (2A09)
AHFCmd :WARNING: Invalid property value: font-weight="normall".
AHFCmd :WARNING: Line 1466, Col 222, D:\UIM项目\012 Data\LianYing\data\General\系统操作手册\Maps\temp\topic.fo

AHFCmd :WARNING: Error Level : 2
AHFCmd :WARNING: Error Code  : 10761 (2A09)
AHFCmd :WARNING: Invalid property value: id="@id".
AHFCmd :WARNING: Line 1632, Col 4646, D:\UIM项目\012 Data\LianYing\data\General\系统操作手册\Maps\temp\topic.fo

AHFCmd :WARNING: Error Level : 2
AHFCmd :WARNING: Error Code  : 10761 (2A09)
AHFCmd :WARNING: Invalid property value: id="@id".
AHFCmd :WARNING: Line 1664, Col 4621, D:\UIM项目\012 Data\LianYing\data\General\系统操作手册\Maps\temp\topic.fo

AHFCmd :WARNING: Error Level : 2
AHFCmd :WARNING: Error Code  : 10761 (2A09)
AHFCmd :WARNING: Invalid property value: id="@id".
AHFCmd :WARNING: Line 1673, Col 53710, D:\UIM项目\012 Data\LianYing\data\General\系统操作手册\Maps\temp\topic.fo

AHFCmd :WARNING: Error Level : 2
AHFCmd :WARNING: Error Code  : 10761 (2A09)
AHFCmd :WARNING: Invalid property value: id="@id".
AHFCmd :WARNING: Line 1729, Col 4658, D:\UIM项目\012 Data\LianYing\data\General\系统操作手册\Maps\temp\topic.fo

AHFCmd :INFO: Error Level : 1
AHFCmd :INFO: Error Code  : 23426 (5B82)
AHFCmd :INFO: Missing glyph U+F067 (?) in '微软雅黑'.
AHFCmd :INFO: Line 1734, Col 749, D:\UIM项目\012 Data\LianYing\data\General\系统操作手册\Maps\temp\topic.fo

AHFCmd :WARNING: Error Level : 2
AHFCmd :WARNING: Error Code  : 10761 (2A09)
AHFCmd :WARNING: Invalid property value: id="@id".
AHFCmd :WARNING: Line 1781, Col 4655, D:\UIM项目\012 Data\LianYing\data\General\系统操作手册\Maps\temp\topic.fo

AHFCmd :WARNING: Error Level : 2
AHFCmd :WARNING: Error Code  : 10761 (2A09)
AHFCmd :WARNING: Invalid property value: id="@id".
AHFCmd :WARNING: Line 1862, Col 4667, D:\UIM项目\012 Data\LianYing\data\General\系统操作手册\Maps\temp\topic.fo

AHFCmd :WARNING: Error Level : 2
AHFCmd :WARNING: Error Code  : 10761 (2A09)
AHFCmd :WARNING: Invalid property value: font-weight="normall".
AHFCmd :WARNING: Line 1905, Col 266, D:\UIM项目\012 Data\LianYing\data\General\系统操作手册\Maps\temp\topic.fo

AHFCmd :WARNING: Error Level : 2
AHFCmd :WARNING: Error Code  : 10761 (2A09)
AHFCmd :WARNING: Invalid property value: font-weight="normall".
AHFCmd :WARNING: Line 1915, Col 266, D:\UIM项目\012 Data\LianYing\data\General\系统操作手册\Maps\temp\topic.fo

AHFCmd :WARNING: Error Level : 2
AHFCmd :WARNING: Error Code  : 10761 (2A09)
AHFCmd :WARNING: Invalid property value: font-weight="normall".
AHFCmd :WARNING: Line 1921, Col 391, D:\UIM项目\012 Data\LianYing\data\General\系统操作手册\Maps\temp\topic.fo

AHFCmd :WARNING: Error Level : 2
AHFCmd :WARNING: Error Code  : 10761 (2A09)
AHFCmd :WARNING: Invalid property value: font-weight="normall".
AHFCmd :WARNING: Line 1929, Col 266, D:\UIM项目\012 Data\LianYing\data\General\系统操作手册\Maps\temp\topic.fo

AHFCmd :WARNING: Error Level : 2
AHFCmd :WARNING: Error Code  : 10761 (2A09)
AHFCmd :WARNING: Invalid property value: font-weight="normall".
AHFCmd :WARNING: Line 1933, Col 266, D:\UIM项目\012 Data\LianYing\data\General\系统操作手册\Maps\temp\topic.fo

AHFCmd :WARNING: Error Level : 2
AHFCmd :WARNING: Error Code  : 10761 (2A09)
AHFCmd :WARNING: Invalid property value: font-weight="normall".
AHFCmd :WARNING: Line 1961, Col 218, D:\UIM项目\012 Data\LianYing\data\General\系统操作手册\Maps\temp\topic.fo

AHFCmd :WARNING: Error Level : 2
AHFCmd :WARNING: Error Code  : 10761 (2A09)
AHFCmd :WARNING: Invalid property value: id="@id".
AHFCmd :WARNING: Line 2238, Col 4649, D:\UIM项目\012 Data\LianYing\data\General\系统操作手册\Maps\temp\topic.fo

AHFCmd :WARNING: Error Level : 2
AHFCmd :WARNING: Error Code  : 10761 (2A09)
AHFCmd :WARNING: Invalid property value: font-weight="normall".
AHFCmd :WARNING: Line 2312, Col 222, D:\UIM项目\012 Data\LianYing\data\General\系统操作手册\Maps\temp\topic.fo

AHFCmd :WARNING: Error Level : 2
AHFCmd :WARNING: Error Code  : 10761 (2A09)
AHFCmd :WARNING: Invalid property value: font-weight="normall".
AHFCmd :WARNING: Line 2379, Col 222, D:\UIM项目\012 Data\LianYing\data\General\系统操作手册\Maps\temp\topic.fo

AHFCmd :WARNING: Error Level : 2
AHFCmd :WARNING: Error Code  : 10761 (2A09)
AHFCmd :WARNING: Invalid property value: font-weight="normall".
AHFCmd :WARNING: Line 2463, Col 266, D:\UIM项目\012 Data\LianYing\data\General\系统操作手册\Maps\temp\topic.fo

AHFCmd :WARNING: Error Level : 2
AHFCmd :WARNING: Error Code  : 10761 (2A09)
AHFCmd :WARNING: Invalid property value: font-weight="normall".
AHFCmd :WARNING: Line 2469, Col 266, D:\UIM项目\012 Data\LianYing\data\General\系统操作手册\Maps\temp\topic.fo

AHFCmd :WARNING: Error Level : 2
AHFCmd :WARNING: Error Code  : 10761 (2A09)
AHFCmd :WARNING: Invalid property value: font-weight="normall".
AHFCmd :WARNING: Line 2474, Col 266, D:\UIM项目\012 Data\LianYing\data\General\系统操作手册\Maps\temp\topic.fo

AHFCmd :WARNING: Error Level : 2
AHFCmd :WARNING: Error Code  : 10761 (2A09)
AHFCmd :WARNING: Invalid property value: font-weight="normall".
AHFCmd :WARNING: Line 2478, Col 266, D:\UIM项目\012 Data\LianYing\data\General\系统操作手册\Maps\temp\topic.fo

AHFCmd :WARNING: Error Level : 2
AHFCmd :WARNING: Error Code  : 10761 (2A09)
AHFCmd :WARNING: Invalid property value: font-weight="normall".
AHFCmd :WARNING: Line 2483, Col 266, D:\UIM项目\012 Data\LianYing\data\General\系统操作手册\Maps\temp\topic.fo

AHFCmd :WARNING: Error Level : 2
AHFCmd :WARNING: Error Code  : 10761 (2A09)
AHFCmd :WARNING: Invalid property value: font-weight="normall".
AHFCmd :WARNING: Line 2512, Col 218, D:\UIM项目\012 Data\LianYing\data\General\系统操作手册\Maps\temp\topic.fo

AHFCmd :WARNING: Error Level : 2
AHFCmd :WARNING: Error Code  : 10761 (2A09)
AHFCmd :WARNING: Invalid property value: id="@id".
AHFCmd :WARNING: Line 2744, Col 4649, D:\UIM项目\012 Data\LianYing\data\General\系统操作手册\Maps\temp\topic.fo

AHFCmd :WARNING: Error Level : 2
AHFCmd :WARNING: Error Code  : 10761 (2A09)
AHFCmd :WARNING: Invalid property value: font-weight="normall".
AHFCmd :WARNING: Line 2812, Col 218, D:\UIM项目\012 Data\LianYing\data\General\系统操作手册\Maps\temp\topic.fo

AHFCmd :WARNING: Error Level : 2
AHFCmd :WARNING: Error Code  : 10761 (2A09)
AHFCmd :WARNING: Invalid property value: id="@id".
AHFCmd :WARNING: Line 3005, Col 4658, D:\UIM项目\012 Data\LianYing\data\General\系统操作手册\Maps\temp\topic.fo

AHFCmd :WARNING: Error Level : 2
AHFCmd :WARNING: Error Code  : 10761 (2A09)
AHFCmd :WARNING: Invalid property value: id="@id".
AHFCmd :WARNING: Line 3205, Col 4670, D:\UIM项目\012 Data\LianYing\data\General\系统操作手册\Maps\temp\topic.fo

AHFCmd :WARNING: Error Level : 2
AHFCmd :WARNING: Error Code  : 10761 (2A09)
AHFCmd :WARNING: Invalid property value: id="@id".
AHFCmd :WARNING: Line 3412, Col 4655, D:\UIM项目\012 Data\LianYing\data\General\系统操作手册\Maps\temp\topic.fo

AHFCmd :WARNING: Error Level : 2
AHFCmd :WARNING: Error Code  : 10761 (2A09)
AHFCmd :WARNING: Invalid property value: id="@id".
AHFCmd :WARNING: Line 3485, Col 4630, D:\UIM项目\012 Data\LianYing\data\General\系统操作手册\Maps\temp\topic.fo

AHFCmd :WARNING: Error Level : 2
AHFCmd :WARNING: Error Code  : 10761 (2A09)
AHFCmd :WARNING: Invalid property value: id="@id".
AHFCmd :WARNING: Line 3501, Col 44668, D:\UIM项目\012 Data\LianYing\data\General\系统操作手册\Maps\temp\topic.fo

AHFCmd :WARNING: Error Level : 2
AHFCmd :WARNING: Error Code  : 10761 (2A09)
AHFCmd :WARNING: Invalid property value: font-weight="normall".
AHFCmd :WARNING: Line 3509, Col 222, D:\UIM项目\012 Data\LianYing\data\General\系统操作手册\Maps\temp\topic.fo

AHFCmd :WARNING: Error Level : 2
AHFCmd :WARNING: Error Code  : 10761 (2A09)
AHFCmd :WARNING: Invalid property value: id="@id".
AHFCmd :WARNING: Line 3623, Col 4655, D:\UIM项目\012 Data\LianYing\data\General\系统操作手册\Maps\temp\topic.fo

AHFCmd :WARNING: Error Level : 2
AHFCmd :WARNING: Error Code  : 10761 (2A09)
AHFCmd :WARNING: Invalid property value: id="@id".
AHFCmd :WARNING: Line 3800, Col 4652, D:\UIM项目\012 Data\LianYing\data\General\系统操作手册\Maps\temp\topic.fo

AHFCmd :WARNING: Error Level : 2
AHFCmd :WARNING: Error Code  : 10761 (2A09)
AHFCmd :WARNING: Invalid property value: id="@id".
AHFCmd :WARNING: Line 3888, Col 4652, D:\UIM项目\012 Data\LianYing\data\General\系统操作手册\Maps\temp\topic.fo

AHFCmd :WARNING: Error Level : 2
AHFCmd :WARNING: Error Code  : 10768 (2A10)
AHFCmd :WARNING: Duplicate id value: id="unique_155_Connect_42_uuid002".
AHFCmd :WARNING: Line 3919, Col 516, D:\UIM项目\012 Data\LianYing\data\General\系统操作手册\Maps\temp\topic.fo

AHFCmd :WARNING: Error Level : 2
AHFCmd :WARNING: Error Code  : 10761 (2A09)
AHFCmd :WARNING: Invalid property value: id="@id".
AHFCmd :WARNING: Line 3998, Col 4652, D:\UIM项目\012 Data\LianYing\data\General\系统操作手册\Maps\temp\topic.fo

AHFCmd :WARNING: Error Level : 2
AHFCmd :WARNING: Error Code  : 10761 (2A09)
AHFCmd :WARNING: Invalid property value: id="@id".
AHFCmd :WARNING: Line 4166, Col 4652, D:\UIM项目\012 Data\LianYing\data\General\系统操作手册\Maps\temp\topic.fo

AHFCmd :WARNING: Error Level : 2
AHFCmd :WARNING: Error Code  : 10761 (2A09)
AHFCmd :WARNING: Invalid property value: id="@id".
AHFCmd :WARNING: Line 4347, Col 4652, D:\UIM项目\012 Data\LianYing\data\General\系统操作手册\Maps\temp\topic.fo

AHFCmd :WARNING: Error Level : 2
AHFCmd :WARNING: Error Code  : 10761 (2A09)
AHFCmd :WARNING: Invalid property value: id="@id".
AHFCmd :WARNING: Line 4411, Col 4652, D:\UIM项目\012 Data\LianYing\data\General\系统操作手册\Maps\temp\topic.fo

AHFCmd :WARNING: Error Level : 2
AHFCmd :WARNING: Error Code  : 10761 (2A09)
AHFCmd :WARNING: Invalid property value: id="@id".
AHFCmd :WARNING: Line 4437, Col 4624, D:\UIM项目\012 Data\LianYing\data\General\系统操作手册\Maps\temp\topic.fo

AHFCmd :WARNING: Error Level : 2
AHFCmd :WARNING: Error Code  : 10761 (2A09)
AHFCmd :WARNING: Invalid property value: id="@id".
AHFCmd :WARNING: Line 4519, Col 19025, D:\UIM项目\012 Data\LianYing\data\General\系统操作手册\Maps\temp\topic.fo

AHFCmd :WARNING: Error Level : 2
AHFCmd :WARNING: Error Code  : 10761 (2A09)
AHFCmd :WARNING: Invalid property value: id="@id".
AHFCmd :WARNING: Line 4530, Col 4664, D:\UIM项目\012 Data\LianYing\data\General\系统操作手册\Maps\temp\topic.fo

AHFCmd :WARNING: Error Level : 2
AHFCmd :WARNING: Error Code  : 10761 (2A09)
AHFCmd :WARNING: Invalid property value: font-weight="normall".
AHFCmd :WARNING: Line 4762, Col 266, D:\UIM项目\012 Data\LianYing\data\General\系统操作手册\Maps\temp\topic.fo

AHFCmd :WARNING: Error Level : 2
AHFCmd :WARNING: Error Code  : 10761 (2A09)
AHFCmd :WARNING: Invalid property value: font-weight="normall".
AHFCmd :WARNING: Line 4766, Col 266, D:\UIM项目\012 Data\LianYing\data\General\系统操作手册\Maps\temp\topic.fo

AHFCmd :WARNING: Error Level : 2
AHFCmd :WARNING: Error Code  : 10761 (2A09)
AHFCmd :WARNING: Invalid property value: font-weight="normall".
AHFCmd :WARNING: Line 5086, Col 266, D:\UIM项目\012 Data\LianYing\data\General\系统操作手册\Maps\temp\topic.fo

AHFCmd :WARNING: Error Level : 2
AHFCmd :WARNING: Error Code  : 10761 (2A09)
AHFCmd :WARNING: Invalid property value: font-weight="normall".
AHFCmd :WARNING: Line 5106, Col 266, D:\UIM项目\012 Data\LianYing\data\General\系统操作手册\Maps\temp\topic.fo

AHFCmd :WARNING: Error Level : 2
AHFCmd :WARNING: Error Code  : 10761 (2A09)
AHFCmd :WARNING: Invalid property value: id="@id".
AHFCmd :WARNING: Line 5131, Col 4661, D:\UIM项目\012 Data\LianYing\data\General\系统操作手册\Maps\temp\topic.fo

AHFCmd :WARNING: Error Level : 2
AHFCmd :WARNING: Error Code  : 10761 (2A09)
AHFCmd :WARNING: Invalid property value: id="@id".
AHFCmd :WARNING: Line 5313, Col 4636, D:\UIM项目\012 Data\LianYing\data\General\系统操作手册\Maps\temp\topic.fo

AHFCmd :WARNING: Error Level : 2
AHFCmd :WARNING: Error Code  : 10761 (2A09)
AHFCmd :WARNING: Invalid property value: id="@id".
AHFCmd :WARNING: Line 5371, Col 14568, D:\UIM项目\012 Data\LianYing\data\General\系统操作手册\Maps\temp\topic.fo

AHFCmd :WARNING: Error Level : 2
AHFCmd :WARNING: Error Code  : 10761 (2A09)
AHFCmd :WARNING: Invalid property value: id="@id".
AHFCmd :WARNING: Line 5376, Col 4679, D:\UIM项目\012 Data\LianYing\data\General\系统操作手册\Maps\temp\topic.fo

AHFCmd :WARNING: Error Level : 2
AHFCmd :WARNING: Error Code  : 10761 (2A09)
AHFCmd :WARNING: Invalid property value: id="@id".
AHFCmd :WARNING: Line 5515, Col 4673, D:\UIM项目\012 Data\LianYing\data\General\系统操作手册\Maps\temp\topic.fo

AHFCmd :WARNING: Error Level : 2
AHFCmd :WARNING: Error Code  : 10761 (2A09)
AHFCmd :WARNING: Invalid property value: font-weight="normall".
AHFCmd :WARNING: Line 5520, Col 218, D:\UIM项目\012 Data\LianYing\data\General\系统操作手册\Maps\temp\topic.fo

AHFCmd :WARNING: Error Level : 2
AHFCmd :WARNING: Error Code  : 10761 (2A09)
AHFCmd :WARNING: Invalid property value: id="@id".
AHFCmd :WARNING: Line 5578, Col 4642, D:\UIM项目\012 Data\LianYing\data\General\系统操作手册\Maps\temp\topic.fo

AHFCmd :WARNING: Error Level : 2
AHFCmd :WARNING: Error Code  : 10761 (2A09)
AHFCmd :WARNING: Invalid property value: font-weight="normall".
AHFCmd :WARNING: Line 5587, Col 266, D:\UIM项目\012 Data\LianYing\data\General\系统操作手册\Maps\temp\topic.fo

AHFCmd :WARNING: Error Level : 2
AHFCmd :WARNING: Error Code  : 10761 (2A09)
AHFCmd :WARNING: Invalid property value: font-weight="normall".
AHFCmd :WARNING: Line 5674, Col 266, D:\UIM项目\012 Data\LianYing\data\General\系统操作手册\Maps\temp\topic.fo

AHFCmd :WARNING: Error Level : 2
AHFCmd :WARNING: Error Code  : 10761 (2A09)
AHFCmd :WARNING: Invalid property value: id="@id".
AHFCmd :WARNING: Line 5752, Col 37984, D:\UIM项目\012 Data\LianYing\data\General\系统操作手册\Maps\temp\topic.fo

AHFCmd :WARNING: Error Level : 2
AHFCmd :WARNING: Error Code  : 10761 (2A09)
AHFCmd :WARNING: Invalid property value: id="@id".
AHFCmd :WARNING: Line 5764, Col 4664, D:\UIM项目\012 Data\LianYing\data\General\系统操作手册\Maps\temp\topic.fo

AHFCmd :WARNING: Error Level : 2
AHFCmd :WARNING: Error Code  : 10761 (2A09)
AHFCmd :WARNING: Invalid property value: id="@id".
AHFCmd :WARNING: Line 5780, Col 4664, D:\UIM项目\012 Data\LianYing\data\General\系统操作手册\Maps\temp\topic.fo

AHFCmd :WARNING: Error Level : 2
AHFCmd :WARNING: Error Code  : 10761 (2A09)
AHFCmd :WARNING: Invalid property value: font-weight="normall".
AHFCmd :WARNING: Line 5799, Col 222, D:\UIM项目\012 Data\LianYing\data\General\系统操作手册\Maps\temp\topic.fo

AHFCmd :WARNING: Error Level : 2
AHFCmd :WARNING: Error Code  : 10761 (2A09)
AHFCmd :WARNING: Invalid property value: font-weight="normall".
AHFCmd :WARNING: Line 6017, Col 222, D:\UIM项目\012 Data\LianYing\data\General\系统操作手册\Maps\temp\topic.fo

AHFCmd :WARNING: Error Level : 2
AHFCmd :WARNING: Error Code  : 10761 (2A09)
AHFCmd :WARNING: Invalid property value: font-weight="normall".
AHFCmd :WARNING: Line 6143, Col 222, D:\UIM项目\012 Data\LianYing\data\General\系统操作手册\Maps\temp\topic.fo

AHFCmd :WARNING: Error Level : 2
AHFCmd :WARNING: Error Code  : 10761 (2A09)
AHFCmd :WARNING: Invalid property value: font-weight="normall".
AHFCmd :WARNING: Line 6210, Col 222, D:\UIM项目\012 Data\LianYing\data\General\系统操作手册\Maps\temp\topic.fo

AHFCmd :WARNING: Error Level : 2
AHFCmd :WARNING: Error Code  : 10761 (2A09)
AHFCmd :WARNING: Invalid property value: font-weight="normall".
AHFCmd :WARNING: Line 6252, Col 222, D:\UIM项目\012 Data\LianYing\data\General\系统操作手册\Maps\temp\topic.fo

AHFCmd :WARNING: Error Level : 2
AHFCmd :WARNING: Error Code  : 10761 (2A09)
AHFCmd :WARNING: Invalid property value: font-weight="normall".
AHFCmd :WARNING: Line 6470, Col 218, D:\UIM项目\012 Data\LianYing\data\General\系统操作手册\Maps\temp\topic.fo

AHFCmd :WARNING: Error Level : 2
AHFCmd :WARNING: Error Code  : 10761 (2A09)
AHFCmd :WARNING: Invalid property value: font-weight="normall".
AHFCmd :WARNING: Line 6630, Col 266, D:\UIM项目\012 Data\LianYing\data\General\系统操作手册\Maps\temp\topic.fo

AHFCmd :WARNING: Error Level : 2
AHFCmd :WARNING: Error Code  : 10761 (2A09)
AHFCmd :WARNING: Invalid property value: font-weight="normall".
AHFCmd :WARNING: Line 6634, Col 266, D:\UIM项目\012 Data\LianYing\data\General\系统操作手册\Maps\temp\topic.fo

AHFCmd :WARNING: Error Level : 2
AHFCmd :WARNING: Error Code  : 10761 (2A09)
AHFCmd :WARNING: Invalid property value: font-weight="normall".
AHFCmd :WARNING: Line 6638, Col 266, D:\UIM项目\012 Data\LianYing\data\General\系统操作手册\Maps\temp\topic.fo

AHFCmd :WARNING: Error Level : 2
AHFCmd :WARNING: Error Code  : 10761 (2A09)
AHFCmd :WARNING: Invalid property value: font-weight="normall".
AHFCmd :WARNING: Line 6641, Col 222, D:\UIM项目\012 Data\LianYing\data\General\系统操作手册\Maps\temp\topic.fo

AHFCmd :WARNING: Error Level : 2
AHFCmd :WARNING: Error Code  : 10761 (2A09)
AHFCmd :WARNING: Invalid property value: font-weight="normall".
AHFCmd :WARNING: Line 6700, Col 392, D:\UIM项目\012 Data\LianYing\data\General\系统操作手册\Maps\temp\topic.fo

AHFCmd :WARNING: Error Level : 2
AHFCmd :WARNING: Error Code  : 10761 (2A09)
AHFCmd :WARNING: Invalid property value: font-weight="normall".
AHFCmd :WARNING: Line 6800, Col 218, D:\UIM项目\012 Data\LianYing\data\General\系统操作手册\Maps\temp\topic.fo

AHFCmd :WARNING: Error Level : 2
AHFCmd :WARNING: Error Code  : 10761 (2A09)
AHFCmd :WARNING: Invalid property value: id="@id".
AHFCmd :WARNING: Line 6890, Col 4664, D:\UIM项目\012 Data\LianYing\data\General\系统操作手册\Maps\temp\topic.fo

AHFCmd :WARNING: Error Level : 2
AHFCmd :WARNING: Error Code  : 10761 (2A09)
AHFCmd :WARNING: Invalid property value: font-weight="normall".
AHFCmd :WARNING: Line 6900, Col 222, D:\UIM项目\012 Data\LianYing\data\General\系统操作手册\Maps\temp\topic.fo

AHFCmd :WARNING: Error Level : 2
AHFCmd :WARNING: Error Code  : 10761 (2A09)
AHFCmd :WARNING: Invalid property value: id="@id".
AHFCmd :WARNING: Line 7142, Col 4664, D:\UIM项目\012 Data\LianYing\data\General\系统操作手册\Maps\temp\topic.fo

AHFCmd :WARNING: Error Level : 2
AHFCmd :WARNING: Error Code  : 10761 (2A09)
AHFCmd :WARNING: Invalid property value: id="@id".
AHFCmd :WARNING: Line 7548, Col 4667, D:\UIM项目\012 Data\LianYing\data\General\系统操作手册\Maps\temp\topic.fo

AHFCmd :WARNING: Error Level : 2
AHFCmd :WARNING: Error Code  : 10761 (2A09)
AHFCmd :WARNING: Invalid property value: id="@id".
AHFCmd :WARNING: Line 7958, Col 4636, D:\UIM项目\012 Data\LianYing\data\General\系统操作手册\Maps\temp\topic.fo

AHFCmd :WARNING: Error Level : 2
AHFCmd :WARNING: Error Code  : 10761 (2A09)
AHFCmd :WARNING: Invalid property value: id="@id".
AHFCmd :WARNING: Line 8001, Col 26881, D:\UIM项目\012 Data\LianYing\data\General\系统操作手册\Maps\temp\topic.fo

AHFCmd :WARNING: Error Level : 2
AHFCmd :WARNING: Error Code  : 10761 (2A09)
AHFCmd :WARNING: Invalid property value: font-weight="normall".
AHFCmd :WARNING: Line 8160, Col 266, D:\UIM项目\012 Data\LianYing\data\General\系统操作手册\Maps\temp\topic.fo

AHFCmd :WARNING: Error Level : 2
AHFCmd :WARNING: Error Code  : 10761 (2A09)
AHFCmd :WARNING: Invalid property value: font-weight="normall".
AHFCmd :WARNING: Line 8164, Col 266, D:\UIM项目\012 Data\LianYing\data\General\系统操作手册\Maps\temp\topic.fo

AHFCmd :WARNING: Error Level : 2
AHFCmd :WARNING: Error Code  : 10761 (2A09)
AHFCmd :WARNING: Invalid property value: font-weight="normall".
AHFCmd :WARNING: Line 8168, Col 266, D:\UIM项目\012 Data\LianYing\data\General\系统操作手册\Maps\temp\topic.fo

AHFCmd :WARNING: Error Level : 2
AHFCmd :WARNING: Error Code  : 10761 (2A09)
AHFCmd :WARNING: Invalid property value: font-weight="normall".
AHFCmd :WARNING: Line 8215, Col 266, D:\UIM项目\012 Data\LianYing\data\General\系统操作手册\Maps\temp\topic.fo

AHFCmd :WARNING: Error Level : 2
AHFCmd :WARNING: Error Code  : 10761 (2A09)
AHFCmd :WARNING: Invalid property value: font-weight="normall".
AHFCmd :WARNING: Line 8262, Col 266, D:\UIM项目\012 Data\LianYing\data\General\系统操作手册\Maps\temp\topic.fo

AHFCmd :WARNING: Error Level : 2
AHFCmd :WARNING: Error Code  : 10761 (2A09)
AHFCmd :WARNING: Invalid property value: font-weight="normall".
AHFCmd :WARNING: Line 8309, Col 266, D:\UIM项目\012 Data\LianYing\data\General\系统操作手册\Maps\temp\topic.fo

AHFCmd :WARNING: Error Level : 2
AHFCmd :WARNING: Error Code  : 10761 (2A09)
AHFCmd :WARNING: Invalid property value: font-weight="normall".
AHFCmd :WARNING: Line 8346, Col 266, D:\UIM项目\012 Data\LianYing\data\General\系统操作手册\Maps\temp\topic.fo

AHFCmd :WARNING: Error Level : 2
AHFCmd :WARNING: Error Code  : 10761 (2A09)
AHFCmd :WARNING: Invalid property value: id="@id".
AHFCmd :WARNING: Line 8549, Col 4667, D:\UIM项目\012 Data\LianYing\data\General\系统操作手册\Maps\temp\topic.fo

AHFCmd :WARNING: Error Level : 2
AHFCmd :WARNING: Error Code  : 10761 (2A09)
AHFCmd :WARNING: Invalid property value: font-weight="normall".
AHFCmd :WARNING: Line 8564, Col 266, D:\UIM项目\012 Data\LianYing\data\General\系统操作手册\Maps\temp\topic.fo

AHFCmd :WARNING: Error Level : 2
AHFCmd :WARNING: Error Code  : 10761 (2A09)
AHFCmd :WARNING: Invalid property value: font-weight="normall".
AHFCmd :WARNING: Line 8639, Col 266, D:\UIM项目\012 Data\LianYing\data\General\系统操作手册\Maps\temp\topic.fo

AHFCmd :WARNING: Error Level : 2
AHFCmd :WARNING: Error Code  : 10761 (2A09)
AHFCmd :WARNING: Invalid property value: font-weight="normall".
AHFCmd :WARNING: Line 8643, Col 266, D:\UIM项目\012 Data\LianYing\data\General\系统操作手册\Maps\temp\topic.fo

AHFCmd :WARNING: Error Level : 2
AHFCmd :WARNING: Error Code  : 10761 (2A09)
AHFCmd :WARNING: Invalid property value: font-weight="normall".
AHFCmd :WARNING: Line 8647, Col 266, D:\UIM项目\012 Data\LianYing\data\General\系统操作手册\Maps\temp\topic.fo

AHFCmd :WARNING: Error Level : 2
AHFCmd :WARNING: Error Code  : 10761 (2A09)
AHFCmd :WARNING: Invalid property value: font-weight="normall".
AHFCmd :WARNING: Line 8652, Col 266, D:\UIM项目\012 Data\LianYing\data\General\系统操作手册\Maps\temp\topic.fo

AHFCmd :WARNING: Error Level : 2
AHFCmd :WARNING: Error Code  : 10761 (2A09)
AHFCmd :WARNING: Invalid property value: font-weight="normall".
AHFCmd :WARNING: Line 8670, Col 266, D:\UIM项目\012 Data\LianYing\data\General\系统操作手册\Maps\temp\topic.fo

AHFCmd :WARNING: Error Level : 2
AHFCmd :WARNING: Error Code  : 10761 (2A09)
AHFCmd :WARNING: Invalid property value: font-weight="normall".
AHFCmd :WARNING: Line 8675, Col 266, D:\UIM项目\012 Data\LianYing\data\General\系统操作手册\Maps\temp\topic.fo

AHFCmd :WARNING: Error Level : 2
AHFCmd :WARNING: Error Code  : 10761 (2A09)
AHFCmd :WARNING: Invalid property value: font-weight="normall".
AHFCmd :WARNING: Line 8680, Col 266, D:\UIM项目\012 Data\LianYing\data\General\系统操作手册\Maps\temp\topic.fo

AHFCmd :WARNING: Error Level : 2
AHFCmd :WARNING: Error Code  : 10761 (2A09)
AHFCmd :WARNING: Invalid property value: font-weight="normall".
AHFCmd :WARNING: Line 8686, Col 266, D:\UIM项目\012 Data\LianYing\data\General\系统操作手册\Maps\temp\topic.fo

AHFCmd :WARNING: Error Level : 2
AHFCmd :WARNING: Error Code  : 10761 (2A09)
AHFCmd :WARNING: Invalid property value: font-weight="normall".
AHFCmd :WARNING: Line 8717, Col 266, D:\UIM项目\012 Data\LianYing\data\General\系统操作手册\Maps\temp\topic.fo

AHFCmd :WARNING: Error Level : 2
AHFCmd :WARNING: Error Code  : 10761 (2A09)
AHFCmd :WARNING: Invalid property value: font-weight="normall".
AHFCmd :WARNING: Line 8721, Col 266, D:\UIM项目\012 Data\LianYing\data\General\系统操作手册\Maps\temp\topic.fo

AHFCmd :WARNING: Error Level : 2
AHFCmd :WARNING: Error Code  : 10761 (2A09)
AHFCmd :WARNING: Invalid property value: font-weight="normall".
AHFCmd :WARNING: Line 8956, Col 266, D:\UIM项目\012 Data\LianYing\data\General\系统操作手册\Maps\temp\topic.fo

AHFCmd :WARNING: Error Level : 2
AHFCmd :WARNING: Error Code  : 10761 (2A09)
AHFCmd :WARNING: Invalid property value: font-weight="normall".
AHFCmd :WARNING: Line 8966, Col 266, D:\UIM项目\012 Data\LianYing\data\General\系统操作手册\Maps\temp\topic.fo

AHFCmd :WARNING: Error Level : 2
AHFCmd :WARNING: Error Code  : 10761 (2A09)
AHFCmd :WARNING: Invalid property value: font-weight="normall".
AHFCmd :WARNING: Line 9012, Col 266, D:\UIM项目\012 Data\LianYing\data\General\系统操作手册\Maps\temp\topic.fo

AHFCmd :WARNING: Error Level : 2
AHFCmd :WARNING: Error Code  : 10761 (2A09)
AHFCmd :WARNING: Invalid property value: font-weight="normall".
AHFCmd :WARNING: Line 9025, Col 266, D:\UIM项目\012 Data\LianYing\data\General\系统操作手册\Maps\temp\topic.fo

AHFCmd :WARNING: Error Level : 2
AHFCmd :WARNING: Error Code  : 10761 (2A09)
AHFCmd :WARNING: Invalid property value: font-weight="normall".
AHFCmd :WARNING: Line 9032, Col 266, D:\UIM项目\012 Data\LianYing\data\General\系统操作手册\Maps\temp\topic.fo

AHFCmd :WARNING: Error Level : 2
AHFCmd :WARNING: Error Code  : 10761 (2A09)
AHFCmd :WARNING: Invalid property value: font-weight="normall".
AHFCmd :WARNING: Line 9036, Col 266, D:\UIM项目\012 Data\LianYing\data\General\系统操作手册\Maps\temp\topic.fo

AHFCmd :WARNING: Error Level : 2
AHFCmd :WARNING: Error Code  : 10761 (2A09)
AHFCmd :WARNING: Invalid property value: font-weight="normall".
AHFCmd :WARNING: Line 9046, Col 266, D:\UIM项目\012 Data\LianYing\data\General\系统操作手册\Maps\temp\topic.fo

AHFCmd :WARNING: Error Level : 2
AHFCmd :WARNING: Error Code  : 10761 (2A09)
AHFCmd :WARNING: Invalid property value: font-weight="normall".
AHFCmd :WARNING: Line 9148, Col 266, D:\UIM项目\012 Data\LianYing\data\General\系统操作手册\Maps\temp\topic.fo

AHFCmd :WARNING: Error Level : 2
AHFCmd :WARNING: Error Code  : 10761 (2A09)
AHFCmd :WARNING: Invalid property value: font-weight="normall".
AHFCmd :WARNING: Line 9211, Col 266, D:\UIM项目\012 Data\LianYing\data\General\系统操作手册\Maps\temp\topic.fo

AHFCmd :WARNING: Error Level : 2
AHFCmd :WARNING: Error Code  : 10761 (2A09)
AHFCmd :WARNING: Invalid property value: font-weight="normall".
AHFCmd :WARNING: Line 9215, Col 266, D:\UIM项目\012 Data\LianYing\data\General\系统操作手册\Maps\temp\topic.fo

AHFCmd :WARNING: Error Level : 2
AHFCmd :WARNING: Error Code  : 10761 (2A09)
AHFCmd :WARNING: Invalid property value: font-weight="normall".
AHFCmd :WARNING: Line 9312, Col 266, D:\UIM项目\012 Data\LianYing\data\General\系统操作手册\Maps\temp\topic.fo

AHFCmd :WARNING: Error Level : 2
AHFCmd :WARNING: Error Code  : 10761 (2A09)
AHFCmd :WARNING: Invalid property value: font-weight="normall".
AHFCmd :WARNING: Line 9318, Col 266, D:\UIM项目\012 Data\LianYing\data\General\系统操作手册\Maps\temp\topic.fo

AHFCmd :WARNING: Error Level : 2
AHFCmd :WARNING: Error Code  : 10761 (2A09)
AHFCmd :WARNING: Invalid property value: font-weight="normall".
AHFCmd :WARNING: Line 9325, Col 266, D:\UIM项目\012 Data\LianYing\data\General\系统操作手册\Maps\temp\topic.fo

AHFCmd :WARNING: Error Level : 2
AHFCmd :WARNING: Error Code  : 10761 (2A09)
AHFCmd :WARNING: Invalid property value: font-weight="normall".
AHFCmd :WARNING: Line 9374, Col 266, D:\UIM项目\012 Data\LianYing\data\General\系统操作手册\Maps\temp\topic.fo

AHFCmd :WARNING: Error Level : 2
AHFCmd :WARNING: Error Code  : 10761 (2A09)
AHFCmd :WARNING: Invalid property value: font-weight="normall".
AHFCmd :WARNING: Line 9378, Col 266, D:\UIM项目\012 Data\LianYing\data\General\系统操作手册\Maps\temp\topic.fo

AHFCmd :WARNING: Error Level : 2
AHFCmd :WARNING: Error Code  : 10761 (2A09)
AHFCmd :WARNING: Invalid property value: font-weight="normall".
AHFCmd :WARNING: Line 9387, Col 266, D:\UIM项目\012 Data\LianYing\data\General\系统操作手册\Maps\temp\topic.fo

AHFCmd :WARNING: Error Level : 2
AHFCmd :WARNING: Error Code  : 10761 (2A09)
AHFCmd :WARNING: Invalid property value: font-weight="normall".
AHFCmd :WARNING: Line 9475, Col 266, D:\UIM项目\012 Data\LianYing\data\General\系统操作手册\Maps\temp\topic.fo

AHFCmd :WARNING: Error Level : 2
AHFCmd :WARNING: Error Code  : 10761 (2A09)
AHFCmd :WARNING: Invalid property value: font-weight="normall".
AHFCmd :WARNING: Line 9585, Col 266, D:\UIM项目\012 Data\LianYing\data\General\系统操作手册\Maps\temp\topic.fo

AHFCmd :WARNING: Error Level : 2
AHFCmd :WARNING: Error Code  : 10761 (2A09)
AHFCmd :WARNING: Invalid property value: font-weight="normall".
AHFCmd :WARNING: Line 9685, Col 266, D:\UIM项目\012 Data\LianYing\data\General\系统操作手册\Maps\temp\topic.fo

AHFCmd :WARNING: Error Level : 2
AHFCmd :WARNING: Error Code  : 10761 (2A09)
AHFCmd :WARNING: Invalid property value: font-weight="normall".
AHFCmd :WARNING: Line 9774, Col 266, D:\UIM项目\012 Data\LianYing\data\General\系统操作手册\Maps\temp\topic.fo

AHFCmd :WARNING: Error Level : 2
AHFCmd :WARNING: Error Code  : 10761 (2A09)
AHFCmd :WARNING: Invalid property value: font-weight="normall".
AHFCmd :WARNING: Line 9863, Col 266, D:\UIM项目\012 Data\LianYing\data\General\系统操作手册\Maps\temp\topic.fo

AHFCmd :WARNING: Error Level : 2
AHFCmd :WARNING: Error Code  : 10761 (2A09)
AHFCmd :WARNING: Invalid property value: font-weight="normall".
AHFCmd :WARNING: Line 9952, Col 266, D:\UIM项目\012 Data\LianYing\data\General\系统操作手册\Maps\temp\topic.fo

AHFCmd :WARNING: Error Level : 2
AHFCmd :WARNING: Error Code  : 10761 (2A09)
AHFCmd :WARNING: Invalid property value: font-weight="normall".
AHFCmd :WARNING: Line 10045, Col 400, D:\UIM项目\012 Data\LianYing\data\General\系统操作手册\Maps\temp\topic.fo

AHFCmd :WARNING: Error Level : 2
AHFCmd :WARNING: Error Code  : 10761 (2A09)
AHFCmd :WARNING: Invalid property value: font-weight="normall".
AHFCmd :WARNING: Line 10047, Col 400, D:\UIM项目\012 Data\LianYing\data\General\系统操作手册\Maps\temp\topic.fo

AHFCmd :WARNING: Error Level : 2
AHFCmd :WARNING: Error Code  : 10761 (2A09)
AHFCmd :WARNING: Invalid property value: font-weight="normall".
AHFCmd :WARNING: Line 10122, Col 266, D:\UIM项目\012 Data\LianYing\data\General\系统操作手册\Maps\temp\topic.fo

AHFCmd :WARNING: Error Level : 2
AHFCmd :WARNING: Error Code  : 10761 (2A09)
AHFCmd :WARNING: Invalid property value: font-weight="normall".
AHFCmd :WARNING: Line 10213, Col 266, D:\UIM项目\012 Data\LianYing\data\General\系统操作手册\Maps\temp\topic.fo

AHFCmd :WARNING: Error Level : 2
AHFCmd :WARNING: Error Code  : 10761 (2A09)
AHFCmd :WARNING: Invalid property value: id="@id".
AHFCmd :WARNING: Line 10357, Col 4661, D:\UIM项目\012 Data\LianYing\data\General\系统操作手册\Maps\temp\topic.fo

AHFCmd :WARNING: Error Level : 2
AHFCmd :WARNING: Error Code  : 10761 (2A09)
AHFCmd :WARNING: Invalid property value: id="@id".
AHFCmd :WARNING: Line 10404, Col 4661, D:\UIM项目\012 Data\LianYing\data\General\系统操作手册\Maps\temp\topic.fo

AHFCmd :WARNING: Error Level : 2
AHFCmd :WARNING: Error Code  : 10761 (2A09)
AHFCmd :WARNING: Invalid property value: font-weight="normall".
AHFCmd :WARNING: Line 10416, Col 222, D:\UIM项目\012 Data\LianYing\data\General\系统操作手册\Maps\temp\topic.fo

AHFCmd :WARNING: Error Level : 2
AHFCmd :WARNING: Error Code  : 10761 (2A09)
AHFCmd :WARNING: Invalid property value: id="@id".
AHFCmd :WARNING: Line 10656, Col 4661, D:\UIM项目\012 Data\LianYing\data\General\系统操作手册\Maps\temp\topic.fo

AHFCmd :WARNING: Error Level : 2
AHFCmd :WARNING: Error Code  : 10761 (2A09)
AHFCmd :WARNING: Invalid property value: id="@id".
AHFCmd :WARNING: Line 11102, Col 4630, D:\UIM项目\012 Data\LianYing\data\General\系统操作手册\Maps\temp\topic.fo

AHFCmd :WARNING: Error Level : 2
AHFCmd :WARNING: Error Code  : 10761 (2A09)
AHFCmd :WARNING: Invalid property value: font-weight="normall".
AHFCmd :WARNING: Line 11108, Col 266, D:\UIM项目\012 Data\LianYing\data\General\系统操作手册\Maps\temp\topic.fo

AHFCmd :WARNING: Error Level : 2
AHFCmd :WARNING: Error Code  : 10761 (2A09)
AHFCmd :WARNING: Invalid property value: font-weight="normall".
AHFCmd :WARNING: Line 11520, Col 266, D:\UIM项目\012 Data\LianYing\data\General\系统操作手册\Maps\temp\topic.fo

AHFCmd :Formatting finished normally :total 220 pages
